<?xml version="1.0" encoding="UTF-8"?>
<!-- Generated by org.testng.reporters.JUnitXMLReporter -->
<testsuite ignored="4" hostname="DESKTOP-QCSEOHE" failures="0" tests="1" name="Car Loan" time="0.015" errors="0" timestamp="2025-12-17T23:16:28 IST">
  <testcase classname="test.Day3" name="webLoginCarLoan" time="0.003"/>
  <testcase classname="test.Day3" name="APILoginCarLoan" time="0.0">
    <ignored/>
  </testcase> <!-- APILoginCarLoan -->
  <testcase classname="test.Day3" name="mobileLoginCarLoan" time="0.0">
    <ignored/>
  </testcase> <!-- mobileLoginCarLoan -->
  <testcase classname="test.Day3" name="mobileSignUpCarLoan" time="0.0">
    <ignored/>
  </testcase> <!-- mobileSignUpCarLoan -->
  <testcase classname="test.Day3" name="mobileLogoutCarLoan" time="0.0">
    <ignored/>
  </testcase> <!-- mobileLogoutCarLoan -->
</testsuite> <!-- Car Loan -->
