<?xml version="1.0" encoding="UTF-8"?>
<!-- Generated by org.testng.reporters.JUnitXMLReporter -->
<testsuite ignored="2" hostname="DESKTOP-QCSEOHE" failures="0" tests="1" name="Home Loan" time="0.023" errors="0" timestamp="2025-12-17T23:16:29 IST">
  <testcase classname="test.Day4" name="webLoginHomeLoan" time="0.01"/>
  <testcase classname="test.Day4" name="APIloginHomeLoan" time="0.0">
    <ignored/>
  </testcase> <!-- APIloginHomeLoan -->
  <testcase classname="test.Day4" name="mobileLoginHomeLoan" time="0.0">
    <ignored/>
  </testcase> <!-- mobileLoginHomeLoan -->
</testsuite> <!-- Home Loan -->
