<?xml version="1.0" encoding="UTF-8"?>
<!-- Generated by org.testng.reporters.JUnitXMLReporter -->
<testsuite ignored="1" hostname="DESKTOP-QCSEOHE" failures="0" tests="15" name="All Tests" time="0.439" errors="0" timestamp="2025-12-18T02:47:49 IST">
  <testcase classname="test.Day1" name="demo" time="0.026"/>
  <testcase classname="test.Day1" name="secondTest" time="0.009"/>
  <testcase classname="test.Day2" name="thirdTest" time="0.005"/>
  <testcase classname="test.Day3" name="APILoginCarLoan" time="0.004"/>
  <testcase classname="test.Day3" name="mobileLoginCarLoan" time="0.006"/>
  <testcase classname="test.Day3" name="mobileLogoutCarLoan" time="0.005"/>
  <testcase classname="test.Day3" name="mobileSignUpCarLoan" time="0.005"/>
  <testcase classname="test.Day3" name="webLoginCarLoan" time="0.004"/>
  <testcase classname="test.Day4" name="mobileLoginHomeLoan" time="0.004"/>
  <testcase classname="test.Day4" name="webLoginHomeLoan" time="0.006"/>
  <testcase classname="test.Day4" name="timeOutCase" time="0.006"/>
  <testcase classname="test.Day4" name="APIloginHomeLoan" time="0.008"/>
  <testcase classname="test.Day5" name="APIloginBikeLoan" time="0.004"/>
  <testcase classname="test.Day5" name="mobileLoginBikeLoan" time="0.006"/>
  <testcase classname="test.Day5" name="webLoginBikeLoan" time="0.007"/>
  <testcase classname="test.Day4" name="weHaveABug" time="0.0">
    <ignored/>
  </testcase> <!-- weHaveABug -->
</testsuite> <!-- All Tests -->
