<?xml version="1.0" encoding="UTF-8"?>
<!-- Generated by org.testng.reporters.JUnitXMLReporter -->
<testsuite ignored="0" hostname="DESKTOP-QCSEOHE" failures="0" tests="5" name="Bike Loan" time="0.494" errors="0" timestamp="2025-12-18T04:49:08 IST">
  <testcase classname="test.Day5" name="APIloginBikeLoan" time="0.009"/>
  <testcase classname="test.Day5" name="mobileLoginBikeLoan" time="0.019"/>
  <testcase classname="test.Day5" name="mobileLoginBikeLoan" time="0.008"/>
  <testcase classname="test.Day5" name="mobileLoginBikeLoan" time="0.05"/>
  <testcase classname="test.Day5" name="webLoginBikeLoan" time="0.051"/>
</testsuite> <!-- Bike Loan -->
