<?xml version="1.0" encoding="UTF-8"?>
<!-- Generated by org.testng.reporters.JUnitXMLReporter -->
<testsuite ignored="4" hostname="DESKTOP-QCSEOHE" failures="0" tests="1" name="Home Loan" time="0.26" errors="0" timestamp="2025-12-18T04:49:08 IST">
  <testcase classname="test.Day4" name="webLoginHomeLoan" time="0.022"/>
  <testcase classname="test.Day4" name="weHaveABug" time="0.0">
    <ignored/>
  </testcase> <!-- weHaveABug -->
  <testcase classname="test.Day4" name="mobileLoginHomeLoan" time="0.0">
    <ignored/>
  </testcase> <!-- mobileLoginHomeLoan -->
  <testcase classname="test.Day4" name="timeOutCase" time="0.0">
    <ignored/>
  </testcase> <!-- timeOutCase -->
  <testcase classname="test.Day4" name="APIloginHomeLoan" time="0.0">
    <ignored/>
  </testcase> <!-- APIloginHomeLoan -->
</testsuite> <!-- Home Loan -->
