<?xml version="1.0" encoding="UTF-8"?>
<!-- Generated by org.testng.reporters.JUnitXMLReporter -->
<testsuite ignored="13" hostname="DESKTOP-QCSEOHE" failures="0" tests="3" name="Regression" time="0.123" errors="0" timestamp="2025-12-18T06:01:21 IST">
  <testcase classname="test.Day2" name="thirdTest" time="0.017"/>
  <testcase classname="test.Day3" name="webLoginCarLoan" time="0.003"/>
  <testcase classname="test.Day5" name="APIloginBikeLoan" time="0.004"/>
  <testcase classname="test.Day1" name="secondTest" time="0.0">
    <ignored/>
  </testcase> <!-- secondTest -->
  <testcase classname="test.Day4" name="mobileLoginHomeLoan" time="0.0">
    <ignored/>
  </testcase> <!-- mobileLoginHomeLoan -->
  <testcase classname="test.Day4" name="weHaveABug" time="0.0">
    <ignored/>
  </testcase> <!-- weHaveABug -->
  <testcase classname="test.Day3" name="APILoginCarLoan" time="0.0">
    <ignored/>
  </testcase> <!-- APILoginCarLoan -->
  <testcase classname="test.Day3" name="mobileLoginCarLoan" time="0.0">
    <ignored/>
  </testcase> <!-- mobileLoginCarLoan -->
  <testcase classname="test.Day4" name="webLoginHomeLoan" time="0.0">
    <ignored/>
  </testcase> <!-- webLoginHomeLoan -->
  <testcase classname="test.Day4" name="APIloginHomeLoan" time="0.0">
    <ignored/>
  </testcase> <!-- APIloginHomeLoan -->
  <testcase classname="test.Day5" name="mobileLoginBikeLoan" time="0.0">
    <ignored/>
  </testcase> <!-- mobileLoginBikeLoan -->
  <testcase classname="test.Day3" name="mobileSignUpCarLoan" time="0.0">
    <ignored/>
  </testcase> <!-- mobileSignUpCarLoan -->
  <testcase classname="test.Day1" name="demo" time="0.0">
    <ignored/>
  </testcase> <!-- demo -->
  <testcase classname="test.Day3" name="mobileLogoutCarLoan" time="0.0">
    <ignored/>
  </testcase> <!-- mobileLogoutCarLoan -->
  <testcase classname="test.Day4" name="timeOutCase" time="0.0">
    <ignored/>
  </testcase> <!-- timeOutCase -->
  <testcase classname="test.Day5" name="webLoginBikeLoan" time="0.0">
    <ignored/>
  </testcase> <!-- webLoginBikeLoan -->
</testsuite> <!-- Regression -->
