<?xml version="1.0" encoding="UTF-8"?>
<testng-results ignored="13" total="16" passed="3" failed="0" skipped="0">
  <reporter-output>
  </reporter-output>
  <suite started-at="2025-12-18T06:01:21 IST" name="Loan Department" finished-at="2025-12-18T06:01:21 IST" duration-ms="123">
    <groups>
      <group name="Smoke">
        <method signature="Day2.thirdTest()[pri:0, instance:test.Day2@30c15d8b]" name="thirdTest" class="test.Day2"/>
        <method signature="Day3.webLoginCarLoan()[pri:0, instance:test.Day3@5e0e82ae]" name="webLoginCarLoan" class="test.Day3"/>
        <method signature="Day5.APIloginBikeLoan()[pri:0, instance:test.Day5@411f53a0]" name="APIloginBikeLoan" class="test.Day5"/>
      </group> <!-- Smoke -->
    </groups>
    <test started-at="2025-12-18T06:01:21 IST" name="Regression" finished-at="2025-12-18T06:01:21 IST" duration-ms="123">
      <class name="test.Day2">
        <test-method signature="thirdTest()[pri:0, instance:test.Day2@30c15d8b]" started-at="2025-12-18T06:01:21 IST" name="thirdTest" finished-at="2025-12-18T06:01:21 IST" duration-ms="17" status="PASS">
          <reporter-output>
          </reporter-output>
        </test-method> <!-- thirdTest -->
      </class> <!-- test.Day2 -->
      <class name="test.Day3">
        <test-method signature="webLoginCarLoan()[pri:0, instance:test.Day3@5e0e82ae]" started-at="2025-12-18T06:01:21 IST" name="webLoginCarLoan" finished-at="2025-12-18T06:01:21 IST" duration-ms="3" status="PASS">
          <reporter-output>
          </reporter-output>
        </test-method> <!-- webLoginCarLoan -->
      </class> <!-- test.Day3 -->
      <class name="test.Day5">
        <test-method signature="APIloginBikeLoan()[pri:0, instance:test.Day5@411f53a0]" started-at="2025-12-18T06:01:21 IST" name="APIloginBikeLoan" finished-at="2025-12-18T06:01:21 IST" duration-ms="4" status="PASS">
          <reporter-output>
          </reporter-output>
        </test-method> <!-- APIloginBikeLoan -->
      </class> <!-- test.Day5 -->
    </test> <!-- Regression -->
  </suite> <!-- Loan Department -->
</testng-results>
